d:\lcgihc\practica7\practica7\debug\practica7.ilk
d:\lcgihc\practica7\debug\practica7.exe
d:\lcgihc\practica7\debug\practica7.pdb
d:\lcgihc\practica7\practica7\debug\window.obj
d:\lcgihc\practica7\practica7\debug\texturizado.obj
d:\lcgihc\practica7\practica7\debug\texture.obj
d:\lcgihc\practica7\practica7\debug\sphere.obj
d:\lcgihc\practica7\practica7\debug\skybox.obj
d:\lcgihc\practica7\practica7\debug\shader_light.obj
d:\lcgihc\practica7\practica7\debug\model.obj
d:\lcgihc\practica7\practica7\debug\mesh_tn.obj
d:\lcgihc\practica7\practica7\debug\material.obj
d:\lcgihc\practica7\practica7\debug\cargamodelos20232.obj
d:\lcgihc\practica7\practica7\debug\camera.obj
d:\lcgihc\practica7\practica7\debug\vc143.idb
d:\lcgihc\practica7\practica7\debug\vc143.pdb
d:\lcgihc\practica7\practica7\debug\practica7.tlog\cl.command.1.tlog
d:\lcgihc\practica7\practica7\debug\practica7.tlog\link.read.1.tlog
d:\lcgihc\practica7\practica7\debug\practica7.tlog\link.write.1.tlog
d:\lcgihc\practica7\practica7\debug\practica7.tlog\link.command.1.tlog
